[17:43:16] [main/INFO]: Loading Minecraft 1.21.11 with Fabric Loader 0.18.4
[17:43:16] [main/INFO]: Loading 72 mods:
	- carryon 2.9.0
	- collective 8.13
	- fabric-api 0.141.3+1.21.11
	   |-- fabric-api-base 1.0.5+4ebb5c083e
	   |-- fabric-api-lookup-api-v1 1.6.114+20dc27073e
	   |-- fabric-biome-api-v1 17.1.1+4fc5413f3e
	   |-- fabric-block-api-v1 1.1.10+4ebb5c083e
	   |-- fabric-block-view-api-v2 1.0.39+4ebb5c083e
	   |-- fabric-command-api-v2 2.4.7+6b42a6003e
	   |-- fabric-content-registries-v0 10.2.14+4fc5413f3e
	   |-- fabric-convention-tags-v1 2.1.55+7f945d5b3e
	   |-- fabric-convention-tags-v2 2.17.3+8ef948ba3e
	   |-- fabric-crash-report-info-v1 0.3.23+4ebb5c083e
	   |-- fabric-data-attachment-api-v1 1.8.47+eed0806f3e
	   |-- fabric-data-generation-api-v1 23.4.0+69974c4e3e
	   |-- fabric-dimensions-v1 4.0.28+4fc5413f3e
	   |-- fabric-entity-events-v1 3.1.1+1d0ab4303e
	   |-- fabric-events-interaction-v0 4.1.0+3b89ecf63e
	   |-- fabric-game-rule-api-v1 2.0.3+4fc5413f3e
	   |-- fabric-item-api-v1 11.5.20+d0c46b9e3e
	   |-- fabric-item-group-api-v1 4.2.36+4fc5413f3e
	   |-- fabric-key-binding-api-v1 1.1.7+4fc5413f3e
	   |-- fabric-lifecycle-events-v1 2.6.15+4ebb5c083e
	   |-- fabric-loot-api-v2 3.0.73+3f89f5a53e
	   |-- fabric-loot-api-v3 2.0.20+78c8b4663e
	   |-- fabric-message-api-v1 6.1.12+4ebb5c083e
	   |-- fabric-model-loading-api-v1 6.0.15+4fc5413f3e
	   |-- fabric-networking-api-v1 5.1.5+ae1e07683e
	   |-- fabric-object-builder-api-v1 21.1.39+4fc5413f3e
	   |-- fabric-particles-v1 4.2.11+4fc5413f3e
	   |-- fabric-recipe-api-v1 8.2.3+4ebb5c083e
	   |-- fabric-registry-sync-v0 6.2.5+1718722b3e
	   |-- fabric-renderer-api-v1 8.0.3+f4ffd2e53e
	   |-- fabric-renderer-indigo 5.0.3+f4ffd2e53e
	   |-- fabric-rendering-fluids-v1 3.1.43+4ebb5c083e
	   |-- fabric-rendering-v1 16.2.10+0290ad933e
	   |-- fabric-resource-conditions-api-v1 5.0.35+4fc5413f3e
	   |-- fabric-resource-loader-v0 3.3.4+4fc5413f3e
	   |-- fabric-resource-loader-v1 1.0.10+78c8b4663e
	   |-- fabric-screen-api-v1 3.1.7+4ebb5c083e
	   |-- fabric-screen-handler-api-v1 1.3.161+4fc5413f3e
	   |-- fabric-serialization-api-v1 1.0.5+4ebb5c083e
	   |-- fabric-sound-api-v1 1.0.51+4fc5413f3e
	   |-- fabric-tag-api-v1 1.2.20+4fc5413f3e
	   |-- fabric-transfer-api-v1 6.0.25+4fc5413f3e
	   \-- fabric-transitive-access-wideners-v1 7.1.0+014c8cec3e
	- fabric-language-kotlin 1.13.8+kotlin.2.3.0
	   |-- org_jetbrains_kotlin_kotlin-reflect 2.3.0
	   |-- org_jetbrains_kotlin_kotlin-stdlib 2.3.0
	   |-- org_jetbrains_kotlin_kotlin-stdlib-jdk7 2.3.0
	   |-- org_jetbrains_kotlin_kotlin-stdlib-jdk8 2.3.0
	   |-- org_jetbrains_kotlinx_atomicfu-jvm 0.29.0
	   |-- org_jetbrains_kotlinx_kotlinx-coroutines-core-jvm 1.10.2
	   |-- org_jetbrains_kotlinx_kotlinx-coroutines-jdk8 1.10.2
	   |-- org_jetbrains_kotlinx_kotlinx-datetime-jvm 0.7.1
	   |-- org_jetbrains_kotlinx_kotlinx-io-bytestring-jvm 0.8.2
	   |-- org_jetbrains_kotlinx_kotlinx-io-core-jvm 0.8.2
	   |-- org_jetbrains_kotlinx_kotlinx-serialization-cbor-jvm 1.9.0
	   |-- org_jetbrains_kotlinx_kotlinx-serialization-core-jvm 1.9.0
	   \-- org_jetbrains_kotlinx_kotlinx-serialization-json-jvm 1.9.0
	- fabricloader 0.18.4
	   \-- mixinextras 0.5.0
	- java 21
	- minecraft 1.21.11
	- mr_superior_stonecutter 1-v1.2.8
	- silk-all 1.11.5
	   |-- silk-commands 1.11.5
	   |-- silk-core 1.11.5
	   |-- silk-game 1.11.5
	   |-- silk-igui 1.11.5
	   |-- silk-nbt 1.11.5
	   |-- silk-network 1.11.5
	   \-- silk-persistence 1.11.5
	- treeharvester 9.3
	- veinminer 2.5.2
	   |-- de_miraculixx_core_dev 2.5.2
	   \-- fabric-permissions-api-v0 0.6.1
	- worldedit 7.4.1+76eaf25bd
	   \-- worldeditcui_protocol 4.0.2
[17:43:16] [main/INFO]: SpongePowered MIXIN Subsystem Version=0.8.7 Source=file:/workspaces/Modpack-visual-2da-version/servidor_minecraft/libraries/net/fabricmc/sponge-mixin/0.17.0+mixin.0.8.7/sponge-mixin-0.17.0+mixin.0.8.7.jar Service=Knot/Fabric Env=SERVER
[17:43:16] [main/INFO]: Compatibility level set to JAVA_21
[17:43:16] [main/WARN]: Reference map 'carryon.refmap.json' for carryon.mixins.json could not be read. If this is a development environment you can ignore this message
[17:43:17] [main/INFO]: Initializing MixinExtras via com.llamalad7.mixinextras.service.MixinExtrasServiceImpl(version=0.5.0).
[17:43:24] [main/INFO]: Loading Collective version 8.13.
[17:43:24] [main/INFO]: Initializing Silk
[17:43:24] [main/INFO]: Veinminer Version: 2.5.2 (fabric)
[17:43:25] [main/INFO]: Got request to register class com.sk89q.worldedit.fabric.FabricPlatform with WorldEdit [com.sk89q.worldedit.extension.platform.PlatformManager@6e31514b]
[17:43:25] [main/INFO]: WorldEdit for Fabric (version 7.4.1+76eaf25bd) is loaded
[17:43:25] [DefaultDispatcher-worker-3/INFO]: [STDOUT]: [VeinminerUpdater] veinminer is outdated (1.21.11). Installed: 2.5.2 -> Latest: 2.6.0
[17:43:25] [main/ERROR]: Couldn't load mr_superior_stonecutter pack metadata: Pack version declaration mismatch between supported_formats (up to 48) and max_format (101.*)
[17:43:25] [main/ERROR]: Couldn't load mr_superior_stonecutter pack metadata: Pack version declaration mismatch between supported_formats (up to 48) and max_format (101.*)
[17:43:25] [main/INFO]: Environment: Environment[sessionHost=https://sessionserver.mojang.com, servicesHost=https://api.minecraftservices.com, profilesHost=https://api.mojang.com, name=PROD]
[17:43:25] [main/ERROR]: Couldn't load mr_superior_stonecutter pack metadata: Pack version declaration mismatch between supported_formats (up to 48) and max_format (101.*)
[17:43:27] [Worker-Main-3/INFO]: Registering commands with com.sk89q.worldedit.fabric.FabricPlatform
[17:43:27] [Worker-Main-2/ERROR]: Couldn't parse data file 'superior_stonecutter:vanilla/metal/iron/chain_1' from 'superior_stonecutter:recipe/vanilla/metal/iron/chain_1.json': DataResult.Error['Unknown registry key in ResourceKey[minecraft:root / minecraft:item]: minecraft:chain']
[17:43:27] [Worker-Main-2/ERROR]: Couldn't parse data file 'superior_stonecutter:vanilla/metal/iron/chain_9' from 'superior_stonecutter:recipe/vanilla/metal/iron/chain_9.json': DataResult.Error['Unknown registry key in ResourceKey[minecraft:root / minecraft:item]: minecraft:chain']
[17:43:27] [main/INFO]: Loaded 2203 recipes
[17:43:27] [main/INFO]: Loaded 2319 advancements
[17:43:27] [main/INFO]: Applied 0 biome modifications to 0 of 65 new biomes in 1.574 ms
[17:43:27] [Server thread/INFO]: Initialized mcCoroutineScope (MinecraftServer as executor)
[17:43:27] [Server thread/INFO]: Starting minecraft server version 1.21.11
[17:43:27] [Server thread/INFO]: Loading properties
[17:43:27] [Server thread/INFO]: Default game type: SURVIVAL
[17:43:27] [Server thread/INFO]: Generating keypair
[17:43:28] [Server thread/INFO]: Starting Minecraft server on *:25565
[17:43:28] [Server thread/WARN]: **** SERVER IS RUNNING IN OFFLINE/INSECURE MODE!
[17:43:28] [Server thread/WARN]: The server will make no attempt to authenticate usernames. Beware.
[17:43:28] [Server thread/WARN]: While this makes the game possible to play without internet access, it also opens up the ability for hackers to connect with any username they choose.
[17:43:28] [Server thread/WARN]: To change this, set "online-mode" to "true" in the server.properties file.
[17:43:28] [Server thread/INFO]: Preparing level "world"
[17:43:28] [Server thread/INFO]: Loading 0 persistent chunks...
[17:43:28] [Server thread/INFO]: Preparing spawn area: 100%
[17:43:28] [Server thread/INFO]: Time elapsed: 63 ms
[17:43:28] [Server thread/INFO]: Done (0.607s)! For help, type "help"
[17:43:44] [Server thread/INFO]: Pikel_03[/127.219.55.4:38489] logged in with entity id 74 at (1416.9897966990127, 80.875, -2870.775704506976)
[17:43:44] [Server thread/INFO]: Pikel_03 joined the game
[17:46:23] [Server thread/INFO]: [Pikel_03: Set own game mode to Creative Mode]
[17:46:48] [Server thread/INFO]: [Pikel_03: Set own game mode to Survival Mode]
[17:47:22] [Server thread/INFO]: [Pikel_03: Set own game mode to Creative Mode]
[17:47:27] [Server thread/INFO]: [Pikel_03: Set own game mode to Survival Mode]
[17:52:06] [Server thread/INFO]: [Pikel_03: Set own game mode to Creative Mode]
[17:52:56] [Server thread/INFO]: [Pikel_03: Set own game mode to Survival Mode]
[17:53:10] [Server thread/INFO]: [Pikel_03: Set own game mode to Creative Mode]
[17:53:43] [Server thread/INFO]: [Pikel_03: Set own game mode to Survival Mode]
[17:54:01] [Server thread/INFO]: [Pikel_03: Set own game mode to Creative Mode]
[17:54:11] [Server thread/INFO]: [Pikel_03: Set own game mode to Survival Mode]
[17:59:14] [Server thread/INFO]: [Pikel_03: Teleported Pikel_03 to 309.500000, 64.000000, -889.500000]
[18:02:01] [Server thread/INFO]: [Pikel_03: Set own game mode to Creative Mode]
[18:02:24] [Server thread/INFO]: [Pikel_03: Set own game mode to Survival Mode]
[18:03:55] [Server thread/INFO]: [Pikel_03: Set own game mode to Creative Mode]
[18:04:05] [Server thread/INFO]: [Pikel_03: Set own game mode to Survival Mode]
[18:04:32] [Server thread/INFO]: [Pikel_03: Teleported Pikel_03 to 297.500000, 102.000000, -1143.500000]
[18:04:44] [Server thread/INFO]: Pikel_03 fell from a high place
[18:04:50] [Server thread/INFO]: [Pikel_03: Set own game mode to Creative Mode]
[18:05:03] [Server thread/INFO]: [Pikel_03: Set own game mode to Survival Mode]
[18:05:21] [Server thread/INFO]: [Pikel_03: Teleported Pikel_03 to -735.500000, 8.500000, -2087.500000]
[18:05:26] [Server thread/INFO]: [Pikel_03: Teleported Pikel_03 to 1426.500000, 81.500000, -2886.500000]
[18:05:34] [Server thread/INFO]: [Pikel_03: Set own game mode to Creative Mode]
[18:05:43] [Server thread/INFO]: [Pikel_03: Teleported Pikel_03 to 292.500000, 67.500000, -1184.500000]
[18:07:29] [Server thread/INFO]: [Pikel_03: Set own game mode to Survival Mode]
[18:07:50] [Server thread/INFO]: Locating element minecraft:fortress took 0 ms
[18:07:55] [Server thread/INFO]: [Pikel_03: Set own game mode to Creative Mode]
[18:07:58] [Server thread/INFO]: [Pikel_03: Teleported Pikel_03 to 0.500000, 42.000000, -1135.500000]
[18:08:35] [Server thread/INFO]: [Pikel_03: Set own game mode to Survival Mode]
[18:08:39] [Server thread/INFO]: [Pikel_03: The difficulty has been set to Hard]
[18:08:46] [Server thread/INFO]: [Pikel_03: Set own game mode to Creative Mode]
[18:08:52] [Server thread/INFO]: [Pikel_03: Set own game mode to Survival Mode]
[18:09:25] [Server thread/INFO]: Pikel_03 has made the advancement [Spooky Scary Skeleton]
[18:11:13] [Server thread/INFO]: [Pikel_03: Teleported Pikel_03 to 27.500000, 56.000000, -1193.500000]
[18:12:34] [Server thread/INFO]: [Pikel_03: Teleported Pikel_03 to 152.500000, 79.500000, -343.500000]
[18:12:48] [Server thread/INFO]: [Pikel_03: Teleported Pikel_03 to 1426.500000, 81.500000, -2886.500000]
[18:14:47] [Server thread/INFO]: [Pikel_03: Teleported Pikel_03 to 1433.500000, 78.500000, -2868.500000]
[18:14:49] [Server thread/INFO]: [Pikel_03: Teleported Pikel_03 to 1426.500000, 81.500000, -2886.500000]
[18:15:13] [Server thread/INFO]: [Pikel_03: Teleported Pikel_03 to -735.500000, 8.500000, -2087.500000]
[18:15:43] [Server thread/INFO]: [Pikel_03: Teleported Pikel_03 to -2.500000, 63.500000, -4.500000]
[18:16:18] [Server thread/INFO]: [Pikel_03: Teleported Pikel_03 to 1426.500000, 81.500000, -2886.500000]
[18:21:14] [Server thread/INFO]: Pikel_03 has made the advancement [A Seedy Place]
[18:36:06] [Server thread/INFO]: [Pikel_03: Set own game mode to Creative Mode]
[18:36:22] [Server thread/INFO]: [Pikel_03: Set own game mode to Survival Mode]
[18:41:21] [Server thread/INFO]: [Pikel_03: Set own game mode to Creative Mode]
[18:41:29] [Server thread/INFO]: [Pikel_03: Set own game mode to Survival Mode]
[18:41:35] [Server thread/INFO]: [Pikel_03: Teleported Pikel_03 to 1426.500000, 81.500000, -2886.500000]
[18:43:07] [Server thread/INFO]: Named entity class_1642['carlos'/14905, l='ServerLevel[world]', x=1412.30, y=75.00, z=-2919.50] died: carlos burned to death
[18:43:20] [Server thread/INFO]: [Pikel_03: Set own game mode to Creative Mode]
[18:43:30] [Server thread/INFO]: [Pikel_03: Set own game mode to Survival Mode]
[18:43:40] [Server thread/INFO]: [Pikel_03: Set own game mode to Creative Mode]
[18:44:23] [Server thread/INFO]: [Pikel_03: Set own game mode to Survival Mode]
[18:44:30] [Server thread/INFO]: [Pikel_03: Applied enchantment Efficiency IV to Pikel_03's item]
[18:44:39] [Server thread/INFO]: [Pikel_03: Applied enchantment Unbreaking III to Pikel_03's item]
[18:45:00] [Server thread/INFO]: [Pikel_03: Applied enchantment Mending to Pikel_03's item]
[18:45:52] [Server thread/INFO]: [Pikel_03: Teleported Pikel_03 to 1426.500000, 81.500000, -2886.500000]
[18:46:06] [Server thread/INFO]: [Pikel_03: Teleported Pikel_03 to 1413.500000, 77.500000, -2925.500000]
[18:46:25] [Server thread/INFO]: [Pikel_03: Set own game mode to Creative Mode]
[18:47:17] [Server thread/INFO]: [Pikel_03: Set own game mode to Survival Mode]
[18:52:55] [Server thread/INFO]: [Pikel_03: Teleported Pikel_03 to 1426.500000, 81.500000, -2886.500000]
[18:53:03] [Server thread/INFO]: [Pikel_03: Set own game mode to Creative Mode]
[18:53:20] [Server thread/INFO]: [Pikel_03: Set own game mode to Survival Mode]
[18:54:29] [Server thread/INFO]: [Pikel_03: Set own game mode to Creative Mode]
[18:54:34] [Server thread/INFO]: [Pikel_03: Set own game mode to Survival Mode]
[19:05:18] [Server thread/INFO]: [Pikel_03: Set own game mode to Spectator Mode]
[19:05:31] [Server thread/INFO]: [Pikel_03: Set own game mode to Creative Mode]
[19:05:46] [Server thread/INFO]: [Pikel_03: Set own game mode to Spectator Mode]
[19:05:56] [Server thread/INFO]: [Pikel_03: Set own game mode to Creative Mode]
[19:06:25] [Server thread/INFO]: [Pikel_03: Set own game mode to Spectator Mode]
[19:06:53] [Server thread/INFO]: [Pikel_03: Set own game mode to Creative Mode]
[19:07:09] [Server thread/INFO]: [Pikel_03: Set own game mode to Spectator Mode]
[19:07:18] [Server thread/INFO]: [Pikel_03: Set own game mode to Creative Mode]
[19:09:35] [Server thread/INFO]: [Pikel_03: Set own game mode to Spectator Mode]
[19:09:40] [Server thread/INFO]: [Pikel_03: Set own game mode to Creative Mode]
[19:09:49] [Server thread/INFO]: [Pikel_03: Set own game mode to Spectator Mode]
[19:09:54] [Server thread/INFO]: [Pikel_03: Set own game mode to Creative Mode]
[19:10:06] [Server thread/INFO]: [Pikel_03: Set own game mode to Spectator Mode]
[19:10:18] [Server thread/INFO]: [Pikel_03: Set own game mode to Creative Mode]
[19:10:27] [Server thread/INFO]: [Pikel_03: Set own game mode to Spectator Mode]
[19:10:31] [Server thread/INFO]: [Pikel_03: Set own game mode to Creative Mode]
[19:10:37] [Server thread/INFO]: [Pikel_03: Set own game mode to Spectator Mode]
[19:10:43] [Server thread/INFO]: [Pikel_03: Set own game mode to Creative Mode]
[19:10:52] [Server thread/INFO]: [Pikel_03: Set own game mode to Survival Mode]
[19:10:53] [Server thread/INFO]: [Pikel_03: Set own game mode to Creative Mode]
[19:11:00] [Server thread/INFO]: [Pikel_03: Set own game mode to Spectator Mode]
[19:11:04] [Server thread/INFO]: [Pikel_03: Set own game mode to Creative Mode]
[19:11:24] [Server thread/INFO]: [Pikel_03: Set own game mode to Spectator Mode]
[19:11:28] [Server thread/INFO]: [Pikel_03: Set own game mode to Survival Mode]
[19:11:40] [Server thread/INFO]: [Pikel_03: Set own game mode to Spectator Mode]
[19:12:03] [Server thread/INFO]: [Pikel_03: Set own game mode to Creative Mode]
[19:12:11] [Server thread/INFO]: [Pikel_03: Set own game mode to Spectator Mode]
[19:12:19] [Server thread/INFO]: [Pikel_03: Set own game mode to Creative Mode]
[19:12:26] [Server thread/INFO]: [Pikel_03: Set own game mode to Spectator Mode]
[19:12:32] [Server thread/INFO]: [Pikel_03: Set own game mode to Creative Mode]
[19:12:39] [Server thread/INFO]: [Pikel_03: Set own game mode to Spectator Mode]
[19:12:46] [Server thread/INFO]: [Pikel_03: Set own game mode to Survival Mode]
[19:12:55] [Server thread/INFO]: [Pikel_03: Set own game mode to Spectator Mode]
[19:13:16] [Server thread/INFO]: [Pikel_03: Set own game mode to Creative Mode]
[19:13:49] [Server thread/INFO]: [Pikel_03: Set own game mode to Spectator Mode]
[19:13:56] [Server thread/INFO]: [Pikel_03: Set own game mode to Creative Mode]
[19:13:58] [Server thread/INFO]: [Pikel_03: Set own game mode to Spectator Mode]
[19:14:00] [Server thread/INFO]: [Pikel_03: Set own game mode to Creative Mode]
[19:14:09] [Server thread/INFO]: [Pikel_03: Set own game mode to Spectator Mode]
[19:14:12] [Server thread/INFO]: [Pikel_03: Set own game mode to Survival Mode]
[19:14:32] [Server thread/INFO]: [Pikel_03: Applied effect Night Vision to Pikel_03]
[19:14:36] [Server thread/INFO]: [Pikel_03: Set own game mode to Creative Mode]
[19:14:38] [Server thread/INFO]: [Pikel_03: Set own game mode to Spectator Mode]
[19:14:48] [Server thread/INFO]: [Pikel_03: Set own game mode to Creative Mode]
[19:14:51] [Server thread/INFO]: [Pikel_03: Set own game mode to Survival Mode]
[19:15:12] [Server thread/INFO]: [Pikel_03: Set own game mode to Creative Mode]
[19:15:20] [Server thread/INFO]: [Pikel_03: Set own game mode to Spectator Mode]
[19:15:29] [Server thread/INFO]: [Pikel_03: Set own game mode to Creative Mode]
[19:16:31] [Server thread/INFO]: [Pikel_03: Set own game mode to Adventure Mode]
[19:16:34] [Server thread/INFO]: [Pikel_03: Set own game mode to Creative Mode]
[19:16:40] [Server thread/INFO]: [Pikel_03: Set own game mode to Spectator Mode]
[19:16:43] [Server thread/INFO]: [Pikel_03: Set own game mode to Survival Mode]
[19:17:09] [Server thread/INFO]: [Pikel_03: Set own game mode to Spectator Mode]
[19:17:19] [Server thread/INFO]: [Pikel_03: Set own game mode to Creative Mode]
[19:17:27] [Server thread/INFO]: [Pikel_03: Set own game mode to Spectator Mode]
[19:17:32] [Server thread/INFO]: [Pikel_03: Set own game mode to Survival Mode]
[19:17:34] [Server thread/INFO]: [Pikel_03: Set own game mode to Creative Mode]
[19:17:35] [Server thread/INFO]: [Pikel_03: Set own game mode to Spectator Mode]
[19:17:38] [Server thread/INFO]: [Pikel_03: Set own game mode to Creative Mode]
[19:18:19] [Server thread/INFO]: [Pikel_03: Set own game mode to Spectator Mode]
[19:18:30] [Server thread/INFO]: [Pikel_03: Set own game mode to Survival Mode]
[19:22:01] [Server thread/INFO]: [Pikel_03: Set own game mode to Creative Mode]
[19:22:03] [Server thread/INFO]: [Pikel_03: Set own game mode to Survival Mode]
[19:23:45] [Server thread/INFO]: Pikel_03 lost connection: Disconnected
[19:23:45] [Server thread/INFO]: Pikel_03 left the game
